# project essentia (2.0-dev) configured on Fri Oct 23 11:26:28 2015 by
# waf 1.7.9 (abi 98, python 20706f0 on linux2)
# using ./waf configure --mode=release --with-python --with-cpptests --with-examples --with-vamp
#
----------------------------------------
Setting top to
/home/vionlabs/Documents/video_projects/essentia-2.0.1
----------------------------------------
Setting out to
/home/vionlabs/Documents/video_projects/essentia-2.0.1/build
----------------------------------------
Checking for 'g++' (c++ compiler)
find program=['g++', 'c++'] paths=['/usr/bin', '/usr/local/cuda/bin', '/usr/local/cuda-6.5/bin', '/bin', '/usr/sbin', '/sbin', '/usr/local/bin'] var='CXX' -> '/usr/bin/g++'
find program=['ar'] paths=['/usr/bin', '/usr/local/cuda/bin', '/usr/local/cuda-6.5/bin', '/bin', '/usr/sbin', '/sbin', '/usr/local/bin'] var='AR' -> '/usr/bin/ar'
/usr/bin/g++
----------------------------------------
Checking for 'gcc' (c compiler)
find program=['gcc', 'cc'] paths=['/usr/bin', '/usr/local/cuda/bin', '/usr/local/cuda-6.5/bin', '/bin', '/usr/sbin', '/sbin', '/usr/local/bin'] var='CC' -> '/usr/bin/gcc'
(tool ar is already loaded, skipping)
/usr/bin/gcc
----------------------------------------
Checking for program pkg-config
/usr/bin/pkg-config
find program=['pkg-config'] paths=['/usr/bin', '/usr/local/cuda/bin', '/usr/local/cuda-6.5/bin', '/bin', '/usr/sbin', '/sbin', '/usr/local/bin'] var='PKGCONFIG' -> '/usr/bin/pkg-config'
----------------------------------------
Checking for 'libavcodec'
['/usr/bin/pkg-config', '--cflags', '--libs', 'libavcodec']
out: -I/usr/local/include  -L/usr/local/lib -lavcodec  

yes
----------------------------------------
Checking for 'libavformat'
['/usr/bin/pkg-config', '--cflags', '--libs', 'libavformat']
out: -I/usr/local/include  -L/usr/local/lib -lavformat  

yes
----------------------------------------
Checking for 'libavutil'
['/usr/bin/pkg-config', '--cflags', '--libs', 'libavutil']
out: -I/usr/local/include  -L/usr/local/lib -lavutil  

yes
----------------------------------------
Checking for 'libswresample'
['/usr/bin/pkg-config', '--cflags', '--libs', 'libswresample']
out: -I/usr/local/include  -L/usr/local/lib -lswresample  

yes
----------------------------------------
Checking for 'taglib'
['/usr/bin/pkg-config', '--cflags', '--libs', 'taglib']
out: -I/usr/include/taglib  -ltag  

yes
----------------------------------------
Checking for 'yaml-0.1'
['/usr/bin/pkg-config', '--cflags', '--libs', 'yaml-0.1']
out:  -lyaml  

yes
----------------------------------------
Checking for 'fftw3f'
['/usr/bin/pkg-config', '--cflags', '--libs', 'fftw3f']
out:  -lfftw3f  

yes
----------------------------------------
Checking for 'samplerate'
['/usr/bin/pkg-config', '--cflags', '--libs', 'samplerate']
out:  -lsamplerate  

yes
----------------------------------------
Checking for 'gaia2'
['/usr/bin/pkg-config', '--cflags', '--libs', 'gaia2']
err: Package gaia2 was not found in the pkg-config search path.
Perhaps you should add the directory containing `gaia2.pc'
to the PKG_CONFIG_PATH environment variable
No package 'gaia2' found

not found
from /home/vionlabs/Documents/video_projects/essentia-2.0.1/src: The configuration failed
----------------------------------------
Checking for program python
/usr/bin/python
find program=['python'] paths=['/usr/bin', '/usr/local/cuda/bin', '/usr/local/cuda-6.5/bin', '/bin', '/usr/sbin', '/sbin', '/usr/local/bin'] var='PYTHON' -> '/usr/bin/python'
['/usr/bin/python', '-c', 'import sys\nfor x in sys.version_info: print(str(x))']
out: 2
7
6
final
0

['/usr/bin/python', '-c', "from distutils.sysconfig import get_config_var, get_python_lib\n\nprint(repr(get_python_lib(standard_lib=0, prefix='/usr/local') or ''))"]
out: '/usr/local/lib/python2.7/dist-packages'

'/usr/local/lib/python2.7/dist-packages'

['/usr/bin/python', '-c', "from distutils.sysconfig import get_config_var, get_python_lib\n\nprint(repr(get_python_lib(plat_specific=1, standard_lib=0, prefix='/usr/local') or ''))"]
out: '/usr/local/lib/python2.7/dist-packages'

'/usr/local/lib/python2.7/dist-packages'

----------------------------------------
Checking for python version
(2, 7, 6, 'final', 0)
['/usr/bin/python', '-c', "from distutils.sysconfig import get_config_var, get_python_lib\n\nprint(repr(get_config_var('prefix') or ''))\nprint(repr(get_config_var('SO') or ''))\nprint(repr(get_config_var('LDFLAGS') or ''))\nprint(repr(get_config_var('LIBDIR') or ''))\nprint(repr(get_config_var('LIBPL') or ''))\nprint(repr(get_config_var('INCLUDEPY') or ''))\nprint(repr(get_config_var('Py_ENABLE_SHARED') or ''))\nprint(repr(get_config_var('MACOSX_DEPLOYMENT_TARGET') or ''))\nprint(repr(get_config_var('LDSHARED') or ''))\nprint(repr(get_config_var('CFLAGS') or ''))"]
out: '/usr'
'.so'
'-Wl,-Bsymbolic-functions -Wl,-z,relro'
'/usr/lib'
'/usr/lib/python2.7/config-x86_64-linux-gnu'
'/usr/include/python2.7'
1
''
'x86_64-linux-gnu-gcc -pthread -shared -Wl,-O1 -Wl,-Bsymbolic-functions -Wl,-Bsymbolic-functions -Wl,-z,relro -fno-strict-aliasing -DNDEBUG -g -fwrapv -O2 -Wall -Wstrict-prototypes -D_FORTIFY_SOURCE=2 -g -fstack-protector --param=ssp-buffer-size=4 -Wformat -Werror=format-security  '
'-fno-strict-aliasing -DNDEBUG -g -fwrapv -O2 -Wall -Wstrict-prototypes -D_FORTIFY_SOURCE=2 -g -fstack-protector --param=ssp-buffer-size=4 -Wformat -Werror=format-security  '

'/usr'
'.so'
'-Wl,-Bsymbolic-functions -Wl,-z,relro'
'/usr/lib'
'/usr/lib/python2.7/config-x86_64-linux-gnu'
'/usr/include/python2.7'
1
''
'x86_64-linux-gnu-gcc -pthread -shared -Wl,-O1 -Wl,-Bsymbolic-functions -Wl,-Bsymbolic-functions -Wl,-z,relro -fno-strict-aliasing -DNDEBUG -g -fwrapv -O2 -Wall -Wstrict-prototypes -D_FORTIFY_SOURCE=2 -g -fstack-protector --param=ssp-buffer-size=4 -Wformat -Werror=format-security  '
'-fno-strict-aliasing -DNDEBUG -g -fwrapv -O2 -Wall -Wstrict-prototypes -D_FORTIFY_SOURCE=2 -g -fstack-protector --param=ssp-buffer-size=4 -Wformat -Werror=format-security  '

Configuration returned from ['/usr/bin/python']:
"prefix = '/usr'\nSO = '.so'\nLDFLAGS = '-Wl,-Bsymbolic-functions -Wl,-z,relro'\nLIBDIR = '/usr/lib'\nLIBPL = '/usr/lib/python2.7/config-x86_64-linux-gnu'\nINCLUDEPY = '/usr/include/python2.7'\nPy_ENABLE_SHARED = 1\nMACOSX_DEPLOYMENT_TARGET = ''\nLDSHARED = 'x86_64-linux-gnu-gcc -pthread -shared -Wl,-O1 -Wl,-Bsymbolic-functions -Wl,-Bsymbolic-functions -Wl,-z,relro -fno-strict-aliasing -DNDEBUG -g -fwrapv -O2 -Wall -Wstrict-prototypes -D_FORTIFY_SOURCE=2 -g -fstack-protector --param=ssp-buffer-size=4 -Wformat -Werror=format-security  '\nCFLAGS = '-fno-strict-aliasing -DNDEBUG -g -fwrapv -O2 -Wall -Wstrict-prototypes -D_FORTIFY_SOURCE=2 -g -fstack-protector --param=ssp-buffer-size=4 -Wformat -Werror=format-security  '"



# try again with -L$python_LIBDIR: ['/usr/lib']

----------------------------------------
Checking for library python2.7 in LIBDIR
==>

int main(int argc, char **argv) {
	(void)argc; (void)argv;
	return 0;
}

<==
[1/2] [32mcxx: build/.conf_check_3b2479b91ea1f8aedc2bbc867fa4858e/test.cpp -> build/.conf_check_3b2479b91ea1f8aedc2bbc867fa4858e/testbuild/test.cpp.1.o
[0m
['/usr/bin/g++', '-pipe', '-Wall', '-O2', '-fPIC', '-fno-strict-aliasing', '-fwrapv', '-fstack-protector', '-DHAVE_AVCODEC=1', '-DHAVE_AVFORMAT=1', '-DHAVE_AVUTIL=1', '-DHAVE_SWRESAMPLE=1', '-DHAVE_TAGLIB=1', '-D__STDC_CONSTANT_MACROS', '-DHAVE_YAML=1', '-DHAVE_FFTW=1', '-DHAVE_SAMPLERATE=1', '-DPYTHONDIR="/usr/local/lib/python2.7/dist-packages"', '-DPYTHONARCHDIR="/usr/local/lib/python2.7/dist-packages"', '-DNDEBUG', '-D_FORTIFY_SOURCE=2', '../test.cpp', '-c', '-o', 'test.cpp.1.o']
[2/2] [33mcxxprogram: build/.conf_check_3b2479b91ea1f8aedc2bbc867fa4858e/testbuild/test.cpp.1.o -> build/.conf_check_3b2479b91ea1f8aedc2bbc867fa4858e/testbuild/testprog
[0m
['/usr/bin/g++', '-Wl,-Bsymbolic-functions', '-Wl,-z,relro', 'test.cpp.1.o', '-o', '/home/vionlabs/Documents/video_projects/essentia-2.0.1/build/.conf_check_3b2479b91ea1f8aedc2bbc867fa4858e/testbuild/testprog', '-Wl,-Bstatic', '-Wl,-Bdynamic', '-L/usr/lib', '-lpython2.7']
yes
------------------------------------------------------------------------------------------------
Checking for program /usr/bin/python-config,python2.7-config,python-config-2.7,python2.7m-config
/usr/bin/python-config
find program=['/usr/bin/python-config', 'python2.7-config', 'python-config-2.7', 'python2.7m-config'] paths=['/usr/bin', '/usr/local/cuda/bin', '/usr/local/cuda-6.5/bin', '/bin', '/usr/sbin', '/sbin', '/usr/local/bin'] var='PYTHON_CONFIG' -> '/usr/bin/python-config'
['/usr/bin/python-config', '--includes']
out: -I/usr/include/python2.7 -I/usr/include/x86_64-linux-gnu/python2.7

Include path for Python extensions (found via python-config --includes): ['/usr/include/python2.7', '/usr/include/x86_64-linux-gnu/python2.7']

------------------------------------------------------------------------------------------------
Checking for header Python.h
==>

#include <Python.h>
#ifdef __cplusplus
extern "C" {
#endif
	void Py_Initialize(void);
	void Py_Finalize(void);
#ifdef __cplusplus
}
#endif
int main(int argc, char **argv)
{
   (void)argc; (void)argv;
   Py_Initialize();
   Py_Finalize();
   return 0;
}

<==
[1/2] [32mcxx: build/.conf_check_1f933b02106127ce3a9f4633a0e368e7/test.cpp -> build/.conf_check_1f933b02106127ce3a9f4633a0e368e7/testbuild/test.cpp.1.o
[0m
['/usr/bin/g++', '-pipe', '-Wall', '-O2', '-fPIC', '-fno-strict-aliasing', '-fwrapv', '-fstack-protector', '-fno-strict-aliasing', '-I/usr/include/python2.7', '-I/usr/include/x86_64-linux-gnu/python2.7', '-DHAVE_AVCODEC=1', '-DHAVE_AVFORMAT=1', '-DHAVE_AVUTIL=1', '-DHAVE_SWRESAMPLE=1', '-DHAVE_TAGLIB=1', '-D__STDC_CONSTANT_MACROS', '-DHAVE_YAML=1', '-DHAVE_FFTW=1', '-DHAVE_SAMPLERATE=1', '-DPYTHONDIR="/usr/local/lib/python2.7/dist-packages"', '-DPYTHONARCHDIR="/usr/local/lib/python2.7/dist-packages"', '-DNDEBUG', '-D_FORTIFY_SOURCE=2', '../test.cpp', '-c', '-o', 'test.cpp.1.o']
[2/2] [33mcxxprogram: build/.conf_check_1f933b02106127ce3a9f4633a0e368e7/testbuild/test.cpp.1.o -> build/.conf_check_1f933b02106127ce3a9f4633a0e368e7/testbuild/testprog
[0m
['/usr/bin/g++', '-Wl,-Bsymbolic-functions', '-Wl,-z,relro', 'test.cpp.1.o', '-o', '/home/vionlabs/Documents/video_projects/essentia-2.0.1/build/.conf_check_1f933b02106127ce3a9f4633a0e368e7/testbuild/testprog', '-Wl,-Bstatic', '-Wl,-Bdynamic', '-L/usr/lib', '-lpython2.7']
yes
